

                   @@@@@                                                    
                 @@@@@@@@@                         #########                
                 @@@@@@@@@                      OOOO         ######         
          ######   @@@@@            EEEE      OO    OO             ###      
       #####              NN     EEE          0O     OO               ##    
     ###         NNNN      NN     EE  EEEE     0O     OO                ##  
   ###            NN NNN    NN     EEE          0O     OO               ### 
  ###              NN   NNN  NN     EE   EEEE     0OOOO                 ### 
  ###               NN     NNNNN      EEE                             ####  
   ####              NN                        @@@@@@@              #####   
     #####                                   @@@@@@@@@@@        #######     
         #####                              @@@@@@@@@@@@@   #######         
              ############                  @@@@@@@@@@@@@                   
                                             @@@@@@@@@@@                    
                                               @@@@@@@                      

                             Wilfrid Somogyi                                
                     github.com/diatomicDisaster/neo                        

Parallel execution enabled.

---------------
ReadInput: read_input()
---------------
Reading input from 'example.inp'
Warning: No units found for mass of Sun, assuming mE.
Warning: No units found for mass of Venus, assuming mE.
Warning: No units found for mass of Jupiter, assuming mE.
Warning: No units found for mass of Saturn, assuming mE.
Warning: No units found for mass of Neptune, assuming mE.
Globalising the coordinates for Earth... 
Preparing the simulation for the following bodies:

 - Earth with...
   Mass = 1.00e+00 Earth Masses
   Initial Position (x, y) = (1.00e+00, 0.00e+00) A.U.
   Initial Velocity (x, y) = (0.00e+00, 1.72e-02) A.U. per day

 - Sun with...
   Mass = 3.33e+05 Earth Masses
   Initial Position (x, y) = (0.00e+00, 0.00e+00) A.U.
   Initial Velocity (x, y) = (0.00e+00, 0.00e+00) A.U. per day

 - Mars with...
   Mass = 1.07e-01 Earth Masses
   Initial Position (x, y) = (-1.52e+00, 0.00e+00) A.U.
   Initial Velocity (x, y) = (0.00e+00, -1.39e-02) A.U. per day

 - Mercury with...
   Mass = 5.50e-02 Earth Masses
   Initial Position (x, y) = (3.87e-01, 0.00e+00) A.U.
   Initial Velocity (x, y) = (0.00e+00, 2.76e-02) A.U. per day

 - Venus with...
   Mass = 8.15e-01 Earth Masses
   Initial Position (x, y) = (7.23e-01, -5.25e-09) A.U.
   Initial Velocity (x, y) = (0.00e+00, 2.02e-02) A.U. per day

 - Jupiter with...
   Mass = 3.18e+02 Earth Masses
   Initial Position (x, y) = (5.20e+00, 1.58e-08) A.U.
   Initial Velocity (x, y) = (0.00e+00, 7.55e-03) A.U. per day

 - Saturn with...
   Mass = 9.52e+01 Earth Masses
   Initial Position (x, y) = (9.59e+00, 0.00e+00) A.U.
   Initial Velocity (x, y) = (0.00e+00, 5.59e-03) A.U. per day

 - Neptune with...
   Mass = 1.71e+01 Earth Masses
   Initial Position (x, y) = (3.00e+01, 2.10e-08) A.U.
   Initial Velocity (x, y) = (0.00e+00, 3.14e-03) A.U. per day

Beginning forward time steps...
Simulation complete, step file closed.
Beginning animation, with:
  Figure size = 6 inches

Animation complete, closing files.
